<?xml version="1.0" encoding="UTF-8"?>
<!-- Generated by org.testng.reporters.JUnitReportReporter -->
<testsuite hostname="DESKTOP-8M6A2AK" failures="0" tests="1" name="testng.TestDemo1" time="0.011" errors="0" timestamp="2024-07-08T16:22:06 IST" skipped="0">
  <testcase classname="testng.TestDemo1" name="m1" time="0.011"/>
  <system-out/>
</testsuite> <!-- testng.TestDemo1 -->
