<?xml version="1.0" encoding="UTF-8"?>
<!-- Generated by org.testng.reporters.JUnitReportReporter -->
<testsuite hostname="DESKTOP-8M6A2AK" failures="0" tests="2" name="testng.BeforeTestAfterTestDemo" time="0.013" errors="0" timestamp="2024-06-28T14:02:42 IST" skipped="0">
  <testcase classname="testng.BeforeTestAfterTestDemo" name="signim" time="0.011"/>
  <system-out/>
  <testcase classname="testng.BeforeTestAfterTestDemo" name="CreateAccount" time="0.002"/>
  <system-out/>
</testsuite> <!-- testng.BeforeTestAfterTestDemo -->
