<?xml version="1.0" encoding="UTF-8"?>
<!-- Generated by org.testng.reporters.JUnitReportReporter -->
<testsuite hostname="DESKTOP-8M6A2AK" failures="0" tests="3" name="parallel_crossbrowseringtesting.LoginPageTest" time="24.916" errors="0" timestamp="2024-07-17T16:41:51 IST" skipped="0">
  <testcase classname="parallel_crossbrowseringtesting.LoginPageTest" name="loginTestCase" time="7.798"/>
  <system-out/>
  <testcase classname="parallel_crossbrowseringtesting.LoginPageTest" name="loginTestCase" time="7.687"/>
  <system-out/>
  <testcase classname="parallel_crossbrowseringtesting.LoginPageTest" name="loginTestCase" time="9.431"/>
  <system-out/>
</testsuite> <!-- parallel_crossbrowseringtesting.LoginPageTest -->
