<?xml version="1.0" encoding="UTF-8"?>
<!-- Generated by org.testng.reporters.JUnitReportReporter -->
<testsuite hostname="DESKTOP-8M6A2AK" failures="0" tests="1" name="testng.readdata_Excel" time="1.001" errors="0" timestamp="2024-08-14T13:33:21 IST" skipped="0">
  <testcase classname="testng.readdata_Excel" name="testData" time="1.001"/>
  <system-out/>
</testsuite> <!-- testng.readdata_Excel -->
