<?xml version="1.0" encoding="UTF-8"?>
<!-- Generated by org.testng.reporters.JUnitReportReporter -->
<testsuite hostname="DESKTOP-8M6A2AK" failures="0" tests="2" name="testng.Anotations" time="10.900" errors="0" timestamp="2024-06-28T13:13:11 IST" skipped="0">
  <testcase classname="testng.Anotations" name="signim" time="5.212"/>
  <system-out/>
  <testcase classname="testng.Anotations" name="CreateAccount" time="5.688"/>
  <system-out/>
</testsuite> <!-- testng.Anotations -->
