<?xml version="1.0" encoding="UTF-8"?>
<!-- Generated by org.testng.reporters.JUnitReportReporter -->
<testsuite hostname="DESKTOP-8M6A2AK" failures="0" tests="1" name="testng.ReadDataFromExcel" time="0.655" errors="0" timestamp="2024-06-27T13:05:48 IST" skipped="0">
  <testcase classname="testng.ReadDataFromExcel" name="dataReader" time="0.655"/>
  <system-out/>
</testsuite> <!-- testng.ReadDataFromExcel -->
