<?xml version="1.0" encoding="UTF-8"?>
<!-- Generated by org.testng.reporters.JUnitReportReporter -->
<testsuite hostname="DESKTOP-8M6A2AK" failures="0" tests="4" name="datadriventesting.DataProviderDemo" time="103.879" errors="0" timestamp="2024-07-09T16:09:50 IST" skipped="0">
  <testcase classname="datadriventesting.DataProviderDemo" name="show" time="28.036"/>
  <system-out/>
  <testcase classname="datadriventesting.DataProviderDemo" name="show" time="28.577"/>
  <system-out/>
  <testcase classname="datadriventesting.DataProviderDemo" name="show" time="21.518"/>
  <system-out/>
  <testcase classname="datadriventesting.DataProviderDemo" name="show" time="25.748"/>
  <system-out/>
</testsuite> <!-- datadriventesting.DataProviderDemo -->
