<?xml version="1.0" encoding="UTF-8"?>
<!-- Generated by org.testng.reporters.JUnitReportReporter -->
<testsuite hostname="DESKTOP-8M6A2AK" failures="0" tests="1" name="pageobjectmodel1.NaukariDotCom" time="5.402" errors="0" timestamp="2024-07-15T15:19:10 IST" skipped="0">
  <testcase classname="pageobjectmodel1.NaukariDotCom" name="registration" time="5.402"/>
  <system-out/>
</testsuite> <!-- pageobjectmodel1.NaukariDotCom -->
