<?xml version="1.0" encoding="UTF-8"?>
<!-- Generated by org.testng.reporters.JUnitReportReporter -->
<testsuite hostname="DESKTOP-8M6A2AK" failures="0" tests="1" name="testng.PracticalDemo" time="3.056" errors="0" timestamp="2024-06-27T12:51:59 IST" skipped="0">
  <testcase classname="testng.PracticalDemo" name="show" time="3.056"/>
  <system-out/>
</testsuite> <!-- testng.PracticalDemo -->
