<?xml version="1.0" encoding="UTF-8"?>
<!-- Generated by org.testng.reporters.JUnitReportReporter -->
<testsuite hostname="DESKTOP-8M6A2AK" failures="0" tests="2" name="testng.AnnotationsDemo" time="0.016" errors="0" timestamp="2024-06-28T13:19:55 IST" skipped="0">
  <testcase classname="testng.AnnotationsDemo" name="show" time="0.012"/>
  <system-out/>
  <testcase classname="testng.AnnotationsDemo" name="display" time="0.004"/>
  <system-out/>
</testsuite> <!-- testng.AnnotationsDemo -->
