<?xml version="1.0" encoding="UTF-8"?>
<!-- Generated by org.testng.reporters.JUnitReportReporter -->
<testsuite hostname="DESKTOP-8M6A2AK" failures="0" tests="1" name="test_cases.Naukritest" time="5.449" errors="0" timestamp="2024-07-15T16:14:47 IST" skipped="0">
  <testcase classname="test_cases.Naukritest" name="Execution" time="5.449"/>
  <system-out/>
</testsuite> <!-- test_cases.Naukritest -->
